<?xml version="1.0" encoding="UTF-8"?>
<testsuite xmlns:xsi="http://www.w3.org/2001/XMLSchema-instance" xsi:schemaLocation="https://maven.apache.org/surefire/maven-surefire-plugin/xsd/surefire-test-report.xsd" name="com.ryatsyna.DemoTestRunner" time="27.466" tests="2" errors="0" skipped="0" failures="0">
  <properties>
[...]
</properties>
  <testcase name="Поиск на главной странице" classname="Демо-тесты на примере страницы из Wikipedia" time="14.401"/>
  <testcase name="Поиск со страницы статьи" classname="Демо-тесты на примере страницы из Wikipedia" time="7.763"/>
</testsuite>